<?xml version="1.0" encoding="UTF-8"?>
<coverage generated="1710643668927" clover="3.2.0">
  <project timestamp="1710643668927" name="All files">
    <metrics statements="26" coveredstatements="23" conditionals="33" coveredconditionals="28" methods="3" coveredmethods="3" elements="62" coveredelements="54" complexity="0" loc="26" ncloc="26" packages="1" files="2" classes="2"/>
    <file name="getCoords.js" path="/workspaces/ccny-bus-track/components/getCoords.js">
      <metrics statements="11" coveredstatements="10" conditionals="13" coveredconditionals="11" methods="1" coveredmethods="1"/>
      <line num="3" count="3" type="stmt"/>
      <line num="4" count="3" type="cond" truecount="1" falsecount="1"/>
      <line num="5" count="0" type="stmt"/>
      <line num="7" count="3" type="stmt"/>
      <line num="8" count="3" type="cond" truecount="2" falsecount="0"/>
      <line num="9" count="1" type="stmt"/>
      <line num="10" count="2" type="cond" truecount="5" falsecount="0"/>
      <line num="11" count="1" type="stmt"/>
      <line num="13" count="1" type="stmt"/>
      <line num="18" count="1" type="cond" truecount="3" falsecount="1"/>
      <line num="19" count="1" type="stmt"/>
    </file>
    <file name="inBound.js" path="/workspaces/ccny-bus-track/components/inBound.js">
      <metrics statements="15" coveredstatements="13" conditionals="20" coveredconditionals="17" methods="2" coveredmethods="2"/>
      <line num="3" count="4" type="cond" truecount="1" falsecount="1"/>
      <line num="4" count="0" type="stmt"/>
      <line num="7" count="4" type="cond" truecount="2" falsecount="0"/>
      <line num="9" count="1" type="stmt"/>
      <line num="12" count="3" type="stmt"/>
      <line num="13" count="7" type="cond" truecount="4" falsecount="0"/>
      <line num="14" count="1" type="stmt"/>
      <line num="17" count="6" type="stmt"/>
      <line num="18" count="6" type="cond" truecount="3" falsecount="1"/>
      <line num="19" count="0" type="stmt"/>
      <line num="23" count="2" type="stmt"/>
      <line num="24" count="6" type="stmt"/>
      <line num="25" count="6" type="cond" truecount="4" falsecount="0"/>
      <line num="29" count="1" type="cond" truecount="3" falsecount="1"/>
      <line num="30" count="1" type="stmt"/>
    </file>
  </project>
</coverage>
