{"/workspaces/ccny-bus-track/components/getCoords.js": {"path":"/workspaces/ccny-bus-track/components/getCoords.js","statementMap":{"0":{"start":{"line":3,"column":17},"end":{"line":3,"column":48}},"1":{"start":{"line":4,"column":4},"end":{"line":6,"column":5}},"2":{"start":{"line":5,"column":8},"end":{"line":5,"column":55}},"3":{"start":{"line":7,"column":17},"end":{"line":7,"column":38}},"4":{"start":{"line":8,"column":4},"end":{"line":14,"column":5}},"5":{"start":{"line":9,"column":8},"end":{"line":9,"column":20}},"6":{"start":{"line":10,"column":11},"end":{"line":14,"column":5}},"7":{"start":{"line":11,"column":8},"end":{"line":11,"column":32}},"8":{"start":{"line":13,"column":8},"end":{"line":13,"column":50}},"9":{"start":{"line":18,"column":0},"end":{"line":20,"column":1}},"10":{"start":{"line":19,"column":4},"end":{"line":19,"column":36}}},"fnMap":{"0":{"name":"getCoordinates","decl":{"start":{"line":2,"column":15},"end":{"line":2,"column":29}},"loc":{"start":{"line":2,"column":32},"end":{"line":15,"column":1}},"line":2}},"branchMap":{"0":{"loc":{"start":{"line":4,"column":4},"end":{"line":6,"column":5}},"type":"if","locations":[{"start":{"line":4,"column":4},"end":{"line":6,"column":5}},{"start":{},"end":{}}],"line":4},"1":{"loc":{"start":{"line":8,"column":4},"end":{"line":14,"column":5}},"type":"if","locations":[{"start":{"line":8,"column":4},"end":{"line":14,"column":5}},{"start":{"line":10,"column":11},"end":{"line":14,"column":5}}],"line":8},"2":{"loc":{"start":{"line":10,"column":11},"end":{"line":14,"column":5}},"type":"if","locations":[{"start":{"line":10,"column":11},"end":{"line":14,"column":5}},{"start":{"line":12,"column":11},"end":{"line":14,"column":5}}],"line":10},"3":{"loc":{"start":{"line":10,"column":15},"end":{"line":10,"column":91}},"type":"binary-expr","locations":[{"start":{"line":10,"column":15},"end":{"line":10,"column":39}},{"start":{"line":10,"column":43},"end":{"line":10,"column":56}},{"start":{"line":10,"column":60},"end":{"line":10,"column":91}}],"line":10},"4":{"loc":{"start":{"line":18,"column":0},"end":{"line":20,"column":1}},"type":"if","locations":[{"start":{"line":18,"column":0},"end":{"line":20,"column":1}},{"start":{},"end":{}}],"line":18},"5":{"loc":{"start":{"line":18,"column":4},"end":{"line":18,"column":74}},"type":"binary-expr","locations":[{"start":{"line":18,"column":4},"end":{"line":18,"column":33}},{"start":{"line":18,"column":37},"end":{"line":18,"column":74}}],"line":18}},"s":{"0":3,"1":3,"2":0,"3":3,"4":3,"5":1,"6":2,"7":1,"8":1,"9":1,"10":1},"f":{"0":3},"b":{"0":[0,3],"1":[1,2],"2":[1,1],"3":[2,1,1],"4":[1,0],"5":[1,1]},"_coverageSchema":"1a1c01bbd47fc00a2c39e90264f33305004495a9","hash":"4fdbe12a4d08bf489d1c1cd3e077ea75da4c2639"}
,"/workspaces/ccny-bus-track/components/inBound.js": {"path":"/workspaces/ccny-bus-track/components/inBound.js","statementMap":{"0":{"start":{"line":3,"column":4},"end":{"line":5,"column":5}},"1":{"start":{"line":4,"column":8},"end":{"line":4,"column":97}},"2":{"start":{"line":7,"column":4},"end":{"line":10,"column":5}},"3":{"start":{"line":9,"column":8},"end":{"line":9,"column":20}},"4":{"start":{"line":12,"column":4},"end":{"line":21,"column":5}},"5":{"start":{"line":13,"column":8},"end":{"line":15,"column":9}},"6":{"start":{"line":14,"column":12},"end":{"line":14,"column":105}},"7":{"start":{"line":17,"column":27},"end":{"line":17,"column":32}},"8":{"start":{"line":18,"column":8},"end":{"line":20,"column":9}},"9":{"start":{"line":19,"column":12},"end":{"line":19,"column":99}},"10":{"start":{"line":23,"column":4},"end":{"line":26,"column":7}},"11":{"start":{"line":24,"column":27},"end":{"line":24,"column":32}},"12":{"start":{"line":25,"column":8},"end":{"line":25,"column":80}},"13":{"start":{"line":29,"column":0},"end":{"line":31,"column":1}},"14":{"start":{"line":30,"column":4},"end":{"line":30,"column":48}}},"fnMap":{"0":{"name":"areCoordinatesWithinBounds","decl":{"start":{"line":2,"column":9},"end":{"line":2,"column":35}},"loc":{"start":{"line":2,"column":81},"end":{"line":27,"column":1}},"line":2},"1":{"name":"(anonymous_1)","decl":{"start":{"line":23,"column":29},"end":{"line":23,"column":30}},"loc":{"start":{"line":23,"column":38},"end":{"line":26,"column":5}},"line":23}},"branchMap":{"0":{"loc":{"start":{"line":3,"column":4},"end":{"line":5,"column":5}},"type":"if","locations":[{"start":{"line":3,"column":4},"end":{"line":5,"column":5}},{"start":{},"end":{}}],"line":3},"1":{"loc":{"start":{"line":7,"column":4},"end":{"line":10,"column":5}},"type":"if","locations":[{"start":{"line":7,"column":4},"end":{"line":10,"column":5}},{"start":{},"end":{}}],"line":7},"2":{"loc":{"start":{"line":13,"column":8},"end":{"line":15,"column":9}},"type":"if","locations":[{"start":{"line":13,"column":8},"end":{"line":15,"column":9}},{"start":{},"end":{}}],"line":13},"3":{"loc":{"start":{"line":13,"column":12},"end":{"line":13,"column":55}},"type":"binary-expr","locations":[{"start":{"line":13,"column":12},"end":{"line":13,"column":33}},{"start":{"line":13,"column":37},"end":{"line":13,"column":55}}],"line":13},"4":{"loc":{"start":{"line":18,"column":8},"end":{"line":20,"column":9}},"type":"if","locations":[{"start":{"line":18,"column":8},"end":{"line":20,"column":9}},{"start":{},"end":{}}],"line":18},"5":{"loc":{"start":{"line":18,"column":12},"end":{"line":18,"column":62}},"type":"binary-expr","locations":[{"start":{"line":18,"column":12},"end":{"line":18,"column":35}},{"start":{"line":18,"column":39},"end":{"line":18,"column":62}}],"line":18},"6":{"loc":{"start":{"line":25,"column":15},"end":{"line":25,"column":79}},"type":"binary-expr","locations":[{"start":{"line":25,"column":15},"end":{"line":25,"column":28}},{"start":{"line":25,"column":32},"end":{"line":25,"column":45}},{"start":{"line":25,"column":49},"end":{"line":25,"column":62}},{"start":{"line":25,"column":66},"end":{"line":25,"column":79}}],"line":25},"7":{"loc":{"start":{"line":29,"column":0},"end":{"line":31,"column":1}},"type":"if","locations":[{"start":{"line":29,"column":0},"end":{"line":31,"column":1}},{"start":{},"end":{}}],"line":29},"8":{"loc":{"start":{"line":29,"column":4},"end":{"line":29,"column":74}},"type":"binary-expr","locations":[{"start":{"line":29,"column":4},"end":{"line":29,"column":33}},{"start":{"line":29,"column":37},"end":{"line":29,"column":74}}],"line":29}},"s":{"0":4,"1":0,"2":4,"3":1,"4":3,"5":7,"6":1,"7":6,"8":6,"9":0,"10":2,"11":6,"12":6,"13":1,"14":1},"f":{"0":4,"1":6},"b":{"0":[0,4],"1":[1,3],"2":[1,6],"3":[7,7],"4":[0,6],"5":[6,6],"6":[6,6,5,5],"7":[1,0],"8":[1,1]},"_coverageSchema":"1a1c01bbd47fc00a2c39e90264f33305004495a9","hash":"a7b65fc03acb5c6a7803e19f1f5220b0d7450262"}
}
