TN:
SF:components/getCoords.js
FN:2,getCoordinates
FNF:1
FNH:1
FNDA:3,getCoordinates
DA:3,3
DA:4,3
DA:5,0
DA:7,3
DA:8,3
DA:9,1
DA:10,2
DA:11,1
DA:13,1
DA:18,1
DA:19,1
LF:11
LH:10
BRDA:4,0,0,0
BRDA:4,0,1,3
BRDA:8,1,0,1
BRDA:8,1,1,2
BRDA:10,2,0,1
BRDA:10,2,1,1
BRDA:10,3,0,2
BRDA:10,3,1,1
BRDA:10,3,2,1
BRDA:18,4,0,1
BRDA:18,4,1,0
BRDA:18,5,0,1
BRDA:18,5,1,1
BRF:13
BRH:11
end_of_record
TN:
SF:components/inBound.js
FN:2,areCoordinatesWithinBounds
FN:23,(anonymous_1)
FNF:2
FNH:2
FNDA:4,areCoordinatesWithinBounds
FNDA:6,(anonymous_1)
DA:3,4
DA:4,0
DA:7,4
DA:9,1
DA:12,3
DA:13,7
DA:14,1
DA:17,6
DA:18,6
DA:19,0
DA:23,2
DA:24,6
DA:25,6
DA:29,1
DA:30,1
LF:15
LH:13
BRDA:3,0,0,0
BRDA:3,0,1,4
BRDA:7,1,0,1
BRDA:7,1,1,3
BRDA:13,2,0,1
BRDA:13,2,1,6
BRDA:13,3,0,7
BRDA:13,3,1,7
BRDA:18,4,0,0
BRDA:18,4,1,6
BRDA:18,5,0,6
BRDA:18,5,1,6
BRDA:25,6,0,6
BRDA:25,6,1,6
BRDA:25,6,2,5
BRDA:25,6,3,5
BRDA:29,7,0,1
BRDA:29,7,1,0
BRDA:29,8,0,1
BRDA:29,8,1,1
BRF:20
BRH:17
end_of_record
